#
# There is insufficient memory for the Java Runtime Environment to continue.
# Native memory allocation (mmap) failed to map 65011712 bytes for G1 virtual space
# Possible reasons:
#   The system is out of physical RAM or swap space
#   The process is running with CompressedOops enabled, and the Java Heap may be blocking the growth of the native heap
# Possible solutions:
#   Reduce memory load on the system
#   Increase physical memory or swap space
#   Check if swap backing store is full
#   Decrease Java heap size (-Xmx/-Xms)
#   Decrease number of Java threads
#   Decrease Java thread stack sizes (-Xss)
#   Set larger code cache with -XX:ReservedCodeCacheSize=
#   JVM is running with Unscaled Compressed Oops mode in which the Java heap is
#     placed in the first 4GB address space. The Java Heap base address is the
#     maximum limit for the native heap growth. Please use -XX:HeapBaseMinAddress
#     to set the Java Heap base and to place the Java Heap above 4GB virtual address.
# This output file may be truncated or incomplete.
#
#  Out of Memory Error (os_windows.cpp:3550), pid=23884, tid=30848
#
# JRE version:  (17.0.7+8) (build )
# Java VM: Java HotSpot(TM) 64-Bit Server VM (17.0.7+8-LTS-224, mixed mode, emulated-client, sharing, tiered, compressed oops, compressed class ptrs, g1 gc, windows-amd64)
# No core dump will be written. Minidumps are not enabled by default on client versions of Windows
#

---------------  S U M M A R Y ------------

Command Line: -Xmx1024m -Dsts.lsp.client=vscode -Dsts.log.file=/dev/null -XX:TieredStopAtLevel=1 -Xlog:jni+resolve=off c:\\Users\\55119\\.vscode\\extensions\\vmware.vscode-spring-boot-1.57.0\\language-server\\spring-boot-language-server-1.57.0-SNAPSHOT-exec.jar

Host: 11th Gen Intel(R) Core(TM) i3-1115G4 @ 3.00GHz, 4 cores, 3G,  Windows 11 , 64 bit Build 22000 (10.0.22000.2538)
Time: Wed Sep 18 22:00:00 2024 Hora oficial do Brasil elapsed time: 0.141238 seconds (0d 0h 0m 0s)

---------------  T H R E A D  ---------------

Current thread (0x000001f8f18fa9b0):  JavaThread "Unknown thread" [_thread_in_vm, id=30848, stack(0x000000c332e00000,0x000000c332f00000)]

Stack: [0x000000c332e00000,0x000000c332f00000]
Native frames: (J=compiled Java code, j=interpreted, Vv=VM code, C=native code)
V  [jvm.dll+0x676a4a]
V  [jvm.dll+0x7d74f4]
V  [jvm.dll+0x7d8c9e]
V  [jvm.dll+0x7d9303]
V  [jvm.dll+0x2452c5]
V  [jvm.dll+0x6738f9]
V  [jvm.dll+0x668232]
V  [jvm.dll+0x302826]
V  [jvm.dll+0x309da6]
V  [jvm.dll+0x35952e]
V  [jvm.dll+0x35975f]
V  [jvm.dll+0x2d9a38]
V  [jvm.dll+0x2da9a4]
V  [jvm.dll+0x7a8fb1]
V  [jvm.dll+0x3670e1]
V  [jvm.dll+0x788359]
V  [jvm.dll+0x3ea5ef]
V  [jvm.dll+0x3ec071]
C  [jli.dll+0x5297]
C  [ucrtbase.dll+0x26c0c]
C  [KERNEL32.DLL+0x153e0]
C  [ntdll.dll+0x485b]


---------------  P R O C E S S  ---------------

Threads class SMR info:
_java_thread_list=0x00007ffc59ff4998, length=0, elements={
}

Java Threads: ( => current thread )

Other Threads:
  0x000001f8f19368e0 GCTaskThread "GC Thread#0" [stack: 0x000000c332f00000,0x000000c333000000] [id=30856]
  0x000001f8f193f820 ConcurrentGCThread "G1 Main Marker" [stack: 0x000000c333000000,0x000000c333100000] [id=31616]
  0x000001f8f1940230 ConcurrentGCThread "G1 Conc#0" [stack: 0x000000c333100000,0x000000c333200000] [id=31280]

[error occurred during error reporting (printing all threads), id 0xc0000005, EXCEPTION_ACCESS_VIOLATION (0xc0000005) at pc=0x00007ffc5982a697]

VM state: not at safepoint (not fully initialized)

VM Mutex/Monitor currently owned by a thread:  ([mutex/lock_event])
[0x000001f8f18f50f0] Heap_lock - owner thread: 0x000001f8f18fa9b0

Heap address: 0x00000000c0000000, size: 1024 MB, Compressed Oops mode: 32-bit

CDS archive(s) mapped at: [0x0000000000000000-0x0000000000000000-0x0000000000000000), size 0, SharedBaseAddress: 0x0000000800000000, ArchiveRelocationMode: 0.
Narrow klass base: 0x0000000000000000, Narrow klass shift: 0, Narrow klass range: 0x0

GC Precious Log:
<Empty>

Heap:
 garbage-first heap   total 0K, used 0K [0x00000000c0000000, 0x0000000100000000)
  region size 1024K, 0 young (0K), 0 survivors (0K)

[error occurred during error reporting (printing heap information), id 0xc0000005, EXCEPTION_ACCESS_VIOLATION (0xc0000005) at pc=0x00007ffc59c100b9]

GC Heap History (0 events):
No events

Deoptimization events (0 events):
No events

Classes unloaded (0 events):
No events

Classes redefined (0 events):
No events

Internal exceptions (0 events):
No events

VM Operations (0 events):
No events

Events (1 events):
Event: 0.091 Loaded shared library C:\Program Files\Java\jdk-17\bin\java.dll


Dynamic libraries:
0x00007ff76a200000 - 0x00007ff76a210000 	C:\Program Files\Java\jdk-17\bin\java.exe
0x00007ffcdb380000 - 0x00007ffcdb589000 	C:\Windows\SYSTEM32\ntdll.dll
0x00007ffc8e450000 - 0x00007ffc8e46a000 	C:\Program Files\Avast Software\Avast\aswhook.dll
0x00007ffcd9850000 - 0x00007ffcd990d000 	C:\Windows\System32\KERNEL32.DLL
0x00007ffcd8d20000 - 0x00007ffcd90a4000 	C:\Windows\System32\KERNELBASE.dll
0x00007ffcd90b0000 - 0x00007ffcd91c1000 	C:\Windows\System32\ucrtbase.dll
0x00007ffcd4b70000 - 0x00007ffcd4b89000 	C:\Program Files\Java\jdk-17\bin\jli.dll
0x00007ffcd9310000 - 0x00007ffcd93be000 	C:\Windows\System32\ADVAPI32.dll
0x00007ffcda250000 - 0x00007ffcda2f3000 	C:\Windows\System32\msvcrt.dll
0x00007ffcd91d0000 - 0x00007ffcd926e000 	C:\Windows\System32\sechost.dll
0x00007ffcda820000 - 0x00007ffcda941000 	C:\Windows\System32\RPCRT4.dll
0x00007ffcc9550000 - 0x00007ffcc956b000 	C:\Program Files\Java\jdk-17\bin\VCRUNTIME140.dll
0x00007ffcdb0a0000 - 0x00007ffcdb24d000 	C:\Windows\System32\USER32.dll
0x00007ffcd8c30000 - 0x00007ffcd8c56000 	C:\Windows\System32\win32u.dll
0x00007ffcd92d0000 - 0x00007ffcd92fa000 	C:\Windows\System32\GDI32.dll
0x00007ffcc57a0000 - 0x00007ffcc5a45000 	C:\Windows\WinSxS\amd64_microsoft.windows.common-controls_6595b64144ccf1df_6.0.22000.120_none_9d947278b86cc467\COMCTL32.dll
0x00007ffcd8900000 - 0x00007ffcd8a1e000 	C:\Windows\System32\gdi32full.dll
0x00007ffcd8b90000 - 0x00007ffcd8c2d000 	C:\Windows\System32\msvcp_win.dll
0x00007ffcc98e0000 - 0x00007ffcc98ea000 	C:\Windows\SYSTEM32\VERSION.dll
0x00007ffcda500000 - 0x00007ffcda531000 	C:\Windows\System32\IMM32.DLL
0x00007ffcd5750000 - 0x00007ffcd575c000 	C:\Program Files\Java\jdk-17\bin\vcruntime140_1.dll
0x00007ffca7b80000 - 0x00007ffca7c0e000 	C:\Program Files\Java\jdk-17\bin\msvcp140.dll
0x00007ffc59540000 - 0x00007ffc5a11d000 	C:\Program Files\Java\jdk-17\bin\server\jvm.dll
0x00007ffcd9910000 - 0x00007ffcd9918000 	C:\Windows\System32\PSAPI.DLL
0x00007ffcc2c70000 - 0x00007ffcc2c79000 	C:\Windows\SYSTEM32\WSOCK32.dll
0x00007ffccebd0000 - 0x00007ffccec03000 	C:\Windows\SYSTEM32\WINMM.dll
0x00007ffcda700000 - 0x00007ffcda76f000 	C:\Windows\System32\WS2_32.dll
0x00007ffcd7970000 - 0x00007ffcd7988000 	C:\Windows\SYSTEM32\kernel.appcore.dll
0x00007ffcd3e60000 - 0x00007ffcd3e6a000 	C:\Program Files\Java\jdk-17\bin\jimage.dll
0x00007ffcd5fc0000 - 0x00007ffcd61e1000 	C:\Windows\SYSTEM32\DBGHELP.DLL
0x00007ffcc8b90000 - 0x00007ffcc8bc1000 	C:\Windows\SYSTEM32\dbgcore.DLL
0x00007ffcd8810000 - 0x00007ffcd888f000 	C:\Windows\System32\bcryptPrimitives.dll
0x00007ffcc86c0000 - 0x00007ffcc86e5000 	C:\Program Files\Java\jdk-17\bin\java.dll

dbghelp: loaded successfully - version: 4.0.5 - missing functions: none
symbol engine: initialized successfully - sym options: 0x614 - pdb path: .;C:\Program Files\Java\jdk-17\bin;C:\Windows\SYSTEM32;C:\Program Files\Avast Software\Avast;C:\Windows\WinSxS\amd64_microsoft.windows.common-controls_6595b64144ccf1df_6.0.22000.120_none_9d947278b86cc467;C:\Program Files\Java\jdk-17\bin\server

VM Arguments:
jvm_args: -Xmx1024m -Dsts.lsp.client=vscode -Dsts.log.file=/dev/null -XX:TieredStopAtLevel=1 -Xlog:jni+resolve=off 
java_command: c:\\Users\\55119\\.vscode\\extensions\\vmware.vscode-spring-boot-1.57.0\\language-server\\spring-boot-language-server-1.57.0-SNAPSHOT-exec.jar
java_class_path (initial): c:\\Users\\55119\\.vscode\\extensions\\vmware.vscode-spring-boot-1.57.0\\language-server\\spring-boot-language-server-1.57.0-SNAPSHOT-exec.jar
Launcher Type: SUN_STANDARD

[Global flags]
     intx CICompilerCount                          = 3                                         {product} {ergonomic}
     uint ConcGCThreads                            = 1                                         {product} {ergonomic}
     uint G1ConcRefinementThreads                  = 4                                         {product} {ergonomic}
   size_t G1HeapRegionSize                         = 1048576                                   {product} {ergonomic}
    uintx GCDrainStackTargetSize                   = 64                                        {product} {ergonomic}
   size_t InitialHeapSize                          = 65011712                                  {product} {ergonomic}
   size_t MarkStackSize                            = 4194304                                   {product} {ergonomic}
   size_t MaxHeapSize                              = 1073741824                                {product} {command line}
   size_t MinHeapDeltaBytes                        = 1048576                                   {product} {ergonomic}
   size_t MinHeapSize                              = 8388608                                   {product} {ergonomic}
    uintx NonProfiledCodeHeapSize                  = 0                                      {pd product} {ergonomic}
     bool ProfileInterpreter                       = false                                  {pd product} {command line}
    uintx ProfiledCodeHeapSize                     = 0                                      {pd product} {ergonomic}
   size_t SoftMaxHeapSize                          = 1073741824                             {manageable} {ergonomic}
     intx TieredStopAtLevel                        = 1                                         {product} {command line}
     bool UseCompressedClassPointers               = true                           {product lp64_product} {ergonomic}
     bool UseCompressedOops                        = true                           {product lp64_product} {ergonomic}
     bool UseG1GC                                  = true                                      {product} {ergonomic}
     bool UseLargePagesIndividualAllocation        = false                                  {pd product} {ergonomic}

Logging:
Log output configuration:
 #0: stdout all=warning,jni+resolve=off uptime,level,tags (reconfigured)
 #1: stderr all=off uptime,level,tags

Environment Variables:
PATH=C:\Program Files\Common Files\Oracle\Java\javapath;C:\ProgramData\Oracle\Java\javapath;C:\Windows\system32;C:\Windows;C:\Windows\System32\Wbem;C:\Windows\System32\WindowsPowerShell\v1.0\;C:\Windows\System32\OpenSSH\;C:\Program Files\dotnet\;C:\Program Files\Git\cmd;C:\Program Files\PuTTY\;C:\Program Files\nodejs\;C:\php-8.2.20-nts-Win32-vs16-x64\;C:\composer;C:\Users\55119\AppData\Local\Microsoft\WindowsApps;C:\Users\55119\AppData\Local\Programs\Microsoft VS Code\bin;C:\Users\55119\AppData\Local\GitHubDesktop\bin;C:\Program Files\MySQL\MySQL Server 8.0\bin;C:\mongosh-1.8.2\bin;C:\Program Files\MongoDB\Server\6.0\bin;C:\Program Files (x86)\sqlite3;C:\Users\55119\AppData\Roaming\npm;C:\php-8.2.20-nts-Win32-vs16-x64\;C:\Users\55119\AppData\Roaming\Composer\vendor\bin
USERNAME=gabriel
OS=Windows_NT
PROCESSOR_IDENTIFIER=Intel64 Family 6 Model 140 Stepping 2, GenuineIntel



---------------  S Y S T E M  ---------------

OS:
 Windows 11 , 64 bit Build 22000 (10.0.22000.2538)
OS uptime: 0 days 11:32 hours

CPU: total 4 (initial active 4) (2 cores per cpu, 2 threads per core) family 6 model 140 stepping 2 microcode 0x26, cx8, cmov, fxsr, ht, mmx, 3dnowpref, sse, sse2, sse3, ssse3, sse4.1, sse4.2, popcnt, lzcnt, tsc, tscinvbit, avx, avx2, aes, erms, clmul, bmi1, bmi2, adx, avx512f, avx512dq, avx512cd, avx512bw, avx512vl, sha, fma, vzeroupper, avx512_vpopcntdq, avx512_vpclmulqdq, avx512_vaes, avx512_vnni, clflush, clflushopt, clwb, avx512_vbmi2, avx512_vbmi

Memory: 4k page, system-wide physical 3879M (55M free)
TotalPageFile size 15655M (AvailPageFile size 29M)
current process WorkingSet (physical memory assigned to process): 10M, peak: 10M
current process commit charge ("private bytes"): 46M, peak: 108M

vm_info: Java HotSpot(TM) 64-Bit Server VM (17.0.7+8-LTS-224) for windows-amd64 JRE (17.0.7+8-LTS-224), built on Feb 28 2023 23:03:02 by "mach5one" with MS VC++ 17.1 (VS2022)

END.
